2024-08-20 17:41:25.926327 Triggering Whatsapp Message to 919048820586
{'messaging_product': 'whatsapp', 'contacts': [{'input': '919048820586', 'wa_id': '919048820586'}], 'messages': [{'id': 'wamid.HBgMOTE5MDQ4ODIwNTg2FQIAERgSQjVEOENFOTVCMjI1ODkxMjgyAA==', 'message_status': 'accepted'}]}2024-08-20 17:49:16.454375 Triggering Whatsapp Message to 919048820586
{'messaging_product': 'whatsapp', 'contacts': [{'input': '919048820586', 'wa_id': '919048820586'}], 'messages': [{'id': 'wamid.HBgMOTE5MDQ4ODIwNTg2FQIAERgSMkE3ODg0RkQ5QzVERUYzOUMyAA==', 'message_status': 'accepted'}]}2024-08-21 09:37:52.843114 Triggering Whatsapp Message to 919048820586
{'messaging_product': 'whatsapp', 'contacts': [{'input': '919048820586', 'wa_id': '919048820586'}], 'messages': [{'id': 'wamid.HBgMOTE5MDQ4ODIwNTg2FQIAERgSNDY3MTEwNEUyNUVCRjZENDUxAA==', 'message_status': 'accepted'}]}Missing Phone number!Missing Phone number!Missing Phone number!2024-08-21 10:00:36.564425 Triggering Whatsapp Message to 919048820586
{'messaging_product': 'whatsapp', 'contacts': [{'input': '919048820586', 'wa_id': '919048820586'}], 'messages': [{'id': 'wamid.HBgMOTE5MDQ4ODIwNTg2FQIAERgSMUVCREI3Nzc5MDYwQzc2NzNEAA==', 'message_status': 'accepted'}]}2024-08-21 10:08:18.497937 Triggering Whatsapp Message to 919048820586
{'messaging_product': 'whatsapp', 'contacts': [{'input': '919048820586', 'wa_id': '919048820586'}], 'messages': [{'id': 'wamid.HBgMOTE5MDQ4ODIwNTg2FQIAERgSODcyN0IxMjQ1QTIxMEYyQTg4AA==', 'message_status': 'accepted'}]}2024-08-21 10:14:34.743255 Triggering Whatsapp Message to 919048820586
{'messaging_product': 'whatsapp', 'contacts': [{'input': '919048820586', 'wa_id': '919048820586'}], 'messages': [{'id': 'wamid.HBgMOTE5MDQ4ODIwNTg2FQIAERgSOUEzNUYyNDc5Njk0MkE4MUE0AA==', 'message_status': 'accepted'}]}2024-08-21 10:25:19.440117 Triggering Whatsapp Message to 919048820586
{'messaging_product': 'whatsapp', 'contacts': [{'input': '919048820586', 'wa_id': '919048820586'}], 'messages': [{'id': 'wamid.HBgMOTE5MDQ4ODIwNTg2FQIAERgSODM1NDU3NDgzNzM2RjI4MDAyAA==', 'message_status': 'accepted'}]}2024-08-21 10:27:15.855803 Triggering Whatsapp Message to 919048820586
{'messaging_product': 'whatsapp', 'contacts': [{'input': '919048820586', 'wa_id': '919048820586'}], 'messages': [{'id': 'wamid.HBgMOTE5MDQ4ODIwNTg2FQIAERgSQTQ1MURFMzA4Mjg1NEE3QTQ2AA==', 'message_status': 'accepted'}]}2024-08-21 11:02:33.308328 Triggering Whatsapp Message to 919048820586
{'messaging_product': 'whatsapp', 'contacts': [{'input': '919048820586', 'wa_id': '919048820586'}], 'messages': [{'id': 'wamid.HBgMOTE5MDQ4ODIwNTg2FQIAERgSMDJFMDM5RDdFMERCQjY0MDc0AA==', 'message_status': 'accepted'}]}2024-08-21 11:50:11.121734 Triggering Whatsapp Message to 919048820586
{'messaging_product': 'whatsapp', 'contacts': [{'input': '919048820586', 'wa_id': '919048820586'}], 'messages': [{'id': 'wamid.HBgMOTE5MDQ4ODIwNTg2FQIAERgSRkRBODEyOTkwOEU4QzAwNUJGAA==', 'message_status': 'accepted'}]}2024-08-21 11:51:55.415303 Triggering Whatsapp Message to 919048820586
{'messaging_product': 'whatsapp', 'contacts': [{'input': '919048820586', 'wa_id': '919048820586'}], 'messages': [{'id': 'wamid.HBgMOTE5MDQ4ODIwNTg2FQIAERgSQjdGNTc5MDQzNDhBRDVGMjI5AA==', 'message_status': 'accepted'}]}2024-08-21 11:54:09.698768 Triggering Whatsapp Message to 919048820586
{'messaging_product': 'whatsapp', 'contacts': [{'input': '919048820586', 'wa_id': '919048820586'}], 'messages': [{'id': 'wamid.HBgMOTE5MDQ4ODIwNTg2FQIAERgSRDlBNUMyN0JDRjJGNDk5QzdDAA==', 'message_status': 'accepted'}]}2024-08-21 11:54:50.719759 Triggering Whatsapp Message to 919048820586
{'messaging_product': 'whatsapp', 'contacts': [{'input': '919048820586', 'wa_id': '919048820586'}], 'messages': [{'id': 'wamid.HBgMOTE5MDQ4ODIwNTg2FQIAERgSNTgyQ0Q1Q0VFQjkyNTAzQUZCAA==', 'message_status': 'accepted'}]}2024-08-21 15:29:51.275638 Triggering Whatsapp Message to 919048820586
{'messaging_product': 'whatsapp', 'contacts': [{'input': '919048820586', 'wa_id': '919048820586'}], 'messages': [{'id': 'wamid.HBgMOTE5MDQ4ODIwNTg2FQIAERgSRDY5OURFQ0ExMTA0MEZCMTA1AA==', 'message_status': 'accepted'}]}2024-08-21 15:30:09.560267 Triggering Whatsapp Message to 919048820586
{'messaging_product': 'whatsapp', 'contacts': [{'input': '919048820586', 'wa_id': '919048820586'}], 'messages': [{'id': 'wamid.HBgMOTE5MDQ4ODIwNTg2FQIAERgSMEFFMEIzMDM0MTM1NzZGODgyAA==', 'message_status': 'accepted'}]}2024-08-21 15:32:14.766882 Triggering Whatsapp Message to 919048820586
{'messaging_product': 'whatsapp', 'contacts': [{'input': '919048820586', 'wa_id': '919048820586'}], 'messages': [{'id': 'wamid.HBgMOTE5MDQ4ODIwNTg2FQIAERgSRDRFMTA3N0FGRDg4QkJDODBGAA==', 'message_status': 'accepted'}]}2024-08-21 15:34:00.314375 Triggering Whatsapp Message to 919048820586
{'messaging_product': 'whatsapp', 'contacts': [{'input': '919048820586', 'wa_id': '919048820586'}], 'messages': [{'id': 'wamid.HBgMOTE5MDQ4ODIwNTg2FQIAERgSMUFDMEQ1NzVFQUJFQ0Y5MzNCAA==', 'message_status': 'accepted'}]}Missing Phone number!Missing Phone number!Missing Phone number!Missing Phone number!Missing Phone number!Missing Phone number!Missing Phone number!Missing Phone number!Missing Phone number!Missing Phone number!Missing Phone number!Missing Phone number!Missing Phone number!Missing Phone number!Missing Phone number!Missing Phone number!Missing Phone number!Missing Phone number!Missing Phone number!Missing Phone number!Missing Phone number!Missing Phone number!Missing Phone number!Missing Phone number!Missing Phone number!Missing Phone number!Missing Phone number!Missing Phone number!Missing Phone number!Missing Phone number!Missing Phone number!Missing Phone number!Missing Phone number!Missing Phone number!Missing Phone number!Missing Phone number!Missing Phone number!Missing Phone number!Missing Phone number!Missing Phone number!Missing Phone number!Missing Phone number!Missing Phone number!Missing Phone number!Missing Phone number!2024-08-30 23:03:27.515347 Triggering Whatsapp Message to 919048820586
{'messaging_product': 'whatsapp', 'contacts': [{'input': '919048820586', 'wa_id': '919048820586'}], 'messages': [{'id': 'wamid.HBgMOTE5MDQ4ODIwNTg2FQIAERgSMDEyM0I3Q0ZEQ0Y2RjdCRjIwAA==', 'message_status': 'accepted'}]}Missing Phone number!Missing Phone number!Missing Phone number!Missing Phone number!Missing Phone number!Missing Phone number!Missing Phone number!Missing Phone number!Missing Phone number!Missing Phone number!Missing Phone number!Missing Phone number!Missing Phone number!Missing Phone number!2024-09-06 20:35:05.732199 Triggering Whatsapp Message to 919048820586
{'error': {'message': '(#132001) Template name does not exist in the translation', 'type': 'OAuthException', 'code': 132001, 'error_data': {'messaging_product': 'whatsapp', 'details': 'template name (service_entry_arabic) does not exist in en'}, 'fbtrace_id': 'AOJuI6HanNpeI_mPWiISVIA'}}2024-09-06 20:36:06.545465 Triggering Whatsapp Message to 919048820586
{'messaging_product': 'whatsapp', 'contacts': [{'input': '919048820586', 'wa_id': '919048820586'}], 'messages': [{'id': 'wamid.HBgMOTE5MDQ4ODIwNTg2FQIAERgSMkMyNjY2OUU0ODVERDU1MjBGAA==', 'message_status': 'accepted'}]}2024-09-07 16:13:00.255002 Triggering Whatsapp Message to 919878789899
2024-09-07 16:13:16.332924 Triggering Whatsapp Message to 919847190812
2024-09-07 16:13:27.242420 Triggering Whatsapp Message to 919048820586
2024-09-07 16:57:27.530111 Triggering Whatsapp Message to 919048820586
{'messaging_product': 'whatsapp', 'contacts': [{'input': '919048820586', 'wa_id': '919048820586'}], 'messages': [{'id': 'wamid.HBgMOTE5MDQ4ODIwNTg2FQIAERgSOTg4RUYyQTNDRDQ2M0U3MTVFAA==', 'message_status': 'accepted'}]}2024-09-07 16:59:13.115463 Triggering Whatsapp Message to 919048820586
{'messaging_product': 'whatsapp', 'contacts': [{'input': '919048820586', 'wa_id': '919048820586'}], 'messages': [{'id': 'wamid.HBgMOTE5MDQ4ODIwNTg2FQIAERgSRUMwOTUwNzAzMzQ2MjExOEREAA==', 'message_status': 'accepted'}]}2024-09-07 16:59:40.856315 Triggering Whatsapp Message to 919048820586
{'messaging_product': 'whatsapp', 'contacts': [{'input': '919048820586', 'wa_id': '919048820586'}], 'messages': [{'id': 'wamid.HBgMOTE5MDQ4ODIwNTg2FQIAERgSQjZGNDQyODdBNkQwMjIyMzJEAA==', 'message_status': 'accepted'}]}2024-09-07 21:08:08.117159 Triggering Whatsapp Message to 919048820586
{'messaging_product': 'whatsapp', 'contacts': [{'input': '919048820586', 'wa_id': '919048820586'}], 'messages': [{'id': 'wamid.HBgMOTE5MDQ4ODIwNTg2FQIAERgSMzg0ODRFQjI1ODVERDlBQTlEAA==', 'message_status': 'accepted'}]}2024-09-07 22:24:15.181373 Triggering Whatsapp Message to 919048820586
{'messaging_product': 'whatsapp', 'contacts': [{'input': '919048820586', 'wa_id': '919048820586'}], 'messages': [{'id': 'wamid.HBgMOTE5MDQ4ODIwNTg2FQIAERgSRkYxNjI5MTE3NzlEQTQ0NUZGAA==', 'message_status': 'accepted'}]}2024-09-08 21:13:16.151826 Triggering Whatsapp Message to 919048820586
{'messaging_product': 'whatsapp', 'contacts': [{'input': '919048820586', 'wa_id': '919048820586'}], 'messages': [{'id': 'wamid.HBgMOTE5MDQ4ODIwNTg2FQIAERgSQjk2N0ZFMDFBQUIwNUI5QjU0AA==', 'message_status': 'accepted'}]}2024-09-08 21:16:19.913911 Triggering Whatsapp Message to 919048820586
{'messaging_product': 'whatsapp', 'contacts': [{'input': '919048820586', 'wa_id': '919048820586'}], 'messages': [{'id': 'wamid.HBgMOTE5MDQ4ODIwNTg2FQIAERgSNTdFNDNDQzg5QUU4ODdEMzk2AA==', 'message_status': 'accepted'}]}2024-09-08 21:17:07.545197 Triggering Whatsapp Message to 919048820586
{'messaging_product': 'whatsapp', 'contacts': [{'input': '919048820586', 'wa_id': '919048820586'}], 'messages': [{'id': 'wamid.HBgMOTE5MDQ4ODIwNTg2FQIAERgSMTIzN0Y3ODI5OTFEM0FFMEQ0AA==', 'message_status': 'accepted'}]}2024-09-09 11:00:57.478703 Triggering Whatsapp Message to 919048820586
{'messaging_product': 'whatsapp', 'contacts': [{'input': '919048820586', 'wa_id': '919048820586'}], 'messages': [{'id': 'wamid.HBgMOTE5MDQ4ODIwNTg2FQIAERgSMTYwOUMwQTVFMEZFMzc0OEY5AA==', 'message_status': 'accepted'}]}2024-09-09 11:26:20.175886 Triggering Whatsapp Message to 919048820586
{'messaging_product': 'whatsapp', 'contacts': [{'input': '919048820586', 'wa_id': '919048820586'}], 'messages': [{'id': 'wamid.HBgMOTE5MDQ4ODIwNTg2FQIAERgSQzkxQzE5NDdDQkY2MDBEREJBAA==', 'message_status': 'accepted'}]}2024-09-09 11:28:49.949876 Triggering Whatsapp Message to 919048820586
{'messaging_product': 'whatsapp', 'contacts': [{'input': '919048820586', 'wa_id': '919048820586'}], 'messages': [{'id': 'wamid.HBgMOTE5MDQ4ODIwNTg2FQIAERgSMzMxNzRCQ0I1RjEzRDlCNUM2AA==', 'message_status': 'accepted'}]}2024-09-09 11:31:25.760758 Triggering Whatsapp Message to 919048820586
{'messaging_product': 'whatsapp', 'contacts': [{'input': '919048820586', 'wa_id': '919048820586'}], 'messages': [{'id': 'wamid.HBgMOTE5MDQ4ODIwNTg2FQIAERgSMjVGMzc5RDVERTFDMzgzOEZCAA==', 'message_status': 'accepted'}]}2024-09-09 11:33:27.202675 Triggering Whatsapp Message to 919048820586
{'messaging_product': 'whatsapp', 'contacts': [{'input': '919048820586', 'wa_id': '919048820586'}], 'messages': [{'id': 'wamid.HBgMOTE5MDQ4ODIwNTg2FQIAERgSMjFFMTExRDQzRkRDM0U2RUY1AA==', 'message_status': 'accepted'}]}2024-09-09 11:54:10.531842 Triggering Whatsapp Message to 919048820586
{'messaging_product': 'whatsapp', 'contacts': [{'input': '919048820586', 'wa_id': '919048820586'}], 'messages': [{'id': 'wamid.HBgMOTE5MDQ4ODIwNTg2FQIAERgSMTM4RUQyREY1Q0Y3MzQzOThFAA==', 'message_status': 'accepted'}]}2024-09-09 11:55:02.277091 Triggering Whatsapp Message to 919048820586
{'messaging_product': 'whatsapp', 'contacts': [{'input': '919048820586', 'wa_id': '919048820586'}], 'messages': [{'id': 'wamid.HBgMOTE5MDQ4ODIwNTg2FQIAERgSOTEwREY1QjY1MEEyNzg5NjM3AA==', 'message_status': 'accepted'}]}2024-09-09 11:56:52.177139 Triggering Whatsapp Message to 919048820586
{'messaging_product': 'whatsapp', 'contacts': [{'input': '919048820586', 'wa_id': '919048820586'}], 'messages': [{'id': 'wamid.HBgMOTE5MDQ4ODIwNTg2FQIAERgSRjk2RkUyMzAzQUVBMEIwNzlGAA==', 'message_status': 'accepted'}]}2024-09-09 12:12:38.672617 Triggering Whatsapp Message to 919048820586
{'messaging_product': 'whatsapp', 'contacts': [{'input': '919048820586', 'wa_id': '919048820586'}], 'messages': [{'id': 'wamid.HBgMOTE5MDQ4ODIwNTg2FQIAERgSQTkwRUUwMTE1MTE1OUZENkEzAA==', 'message_status': 'accepted'}]}2024-09-10 09:55:12.567670 Triggering Whatsapp Message to 919048820586
2024-09-10 10:14:12.676487 Triggering Whatsapp Message to 919003219132
2024-09-10 10:15:46.404210 Triggering Whatsapp Message to 919003219132
2024-09-10 11:36:17.947020 Triggering Whatsapp Message to 919003219132
2024-09-10 11:37:26.765418 Triggering Whatsapp Message to 919003219132
2024-09-10 12:07:57.849794 Triggering Whatsapp Message to 919003219132
2024-09-10 12:08:58.392025 Triggering Whatsapp Message to 919003219132
2024-09-10 12:09:50.604921 Triggering Whatsapp Message to 919003219132
2024-09-10 12:20:33.476265 Triggering Whatsapp Message to 919003219132
2024-09-12 09:22:33.292019 Triggering Whatsapp Message to 919048820586
{'messaging_product': 'whatsapp', 'contacts': [{'input': '919048820586', 'wa_id': '919048820586'}], 'messages': [{'id': 'wamid.HBgMOTE5MDQ4ODIwNTg2FQIAERgSQjZFMkUzMzM4NzZCNkM2RTg4AA==', 'message_status': 'accepted'}]}2024-09-12 14:40:38.777211 Triggering Whatsapp Message to 919048820586
{'messaging_product': 'whatsapp', 'contacts': [{'input': '919048820586', 'wa_id': '919048820586'}], 'messages': [{'id': 'wamid.HBgMOTE5MDQ4ODIwNTg2FQIAERgSMTVBNTE0RTJBMUM3Qjc3RDhDAA==', 'message_status': 'accepted'}]}2024-09-12 14:55:52.365839 Triggering Whatsapp Message to 919048820586
{'messaging_product': 'whatsapp', 'contacts': [{'input': '919048820586', 'wa_id': '919048820586'}], 'messages': [{'id': 'wamid.HBgMOTE5MDQ4ODIwNTg2FQIAERgSQTBDRDlFRTRENEM3MUIyQ0M3AA==', 'message_status': 'accepted'}]}2024-09-12 14:58:42.798183 Triggering Whatsapp Message to 919048820586
{'messaging_product': 'whatsapp', 'contacts': [{'input': '919048820586', 'wa_id': '919048820586'}], 'messages': [{'id': 'wamid.HBgMOTE5MDQ4ODIwNTg2FQIAERgSMzBBN0UzOTVGN0ZBRDJBQTU0AA==', 'message_status': 'accepted'}]}2024-09-12 15:28:04.254280 Triggering Whatsapp Message to 919048820586
{'messaging_product': 'whatsapp', 'contacts': [{'input': '919048820586', 'wa_id': '919048820586'}], 'messages': [{'id': 'wamid.HBgMOTE5MDQ4ODIwNTg2FQIAERgSODQyMzRCRTYyMDhENzhFQkI1AA==', 'message_status': 'accepted'}]}2024-09-12 16:39:33.520821 Triggering Whatsapp Message to 919048820586
{'messaging_product': 'whatsapp', 'contacts': [{'input': '919048820586', 'wa_id': '919048820586'}], 'messages': [{'id': 'wamid.HBgMOTE5MDQ4ODIwNTg2FQIAERgSRUE5NEE0NkQyNkY4NTBDMUM5AA==', 'message_status': 'accepted'}]}2024-09-12 16:42:56.217073 Triggering Whatsapp Message to 919048820586
{'messaging_product': 'whatsapp', 'contacts': [{'input': '919048820586', 'wa_id': '919048820586'}], 'messages': [{'id': 'wamid.HBgMOTE5MDQ4ODIwNTg2FQIAERgSMTM1NjJFNzA1NjNENDM0QkRDAA==', 'message_status': 'accepted'}]}2024-09-12 17:03:00.021347 Triggering Whatsapp Message to 919003219132
{'messaging_product': 'whatsapp', 'contacts': [{'input': '919003219132', 'wa_id': '919003219132'}], 'messages': [{'id': 'wamid.HBgMOTE5MDAzMjE5MTMyFQIAERgSRUM5NzgzQUQxOUM2MjJCRDlDAA==', 'message_status': 'accepted'}]}2024-09-12 17:04:29.317355 Triggering Whatsapp Message to 919003219132
{'messaging_product': 'whatsapp', 'contacts': [{'input': '919003219132', 'wa_id': '919003219132'}], 'messages': [{'id': 'wamid.HBgMOTE5MDAzMjE5MTMyFQIAERgSM0VEODY0QjNCMThENkM4NDEzAA==', 'message_status': 'accepted'}]}2024-09-12 20:52:50.215208 Triggering Whatsapp Message to 919048820586
{'messaging_product': 'whatsapp', 'contacts': [{'input': '919048820586', 'wa_id': '919048820586'}], 'messages': [{'id': 'wamid.HBgMOTE5MDQ4ODIwNTg2FQIAERgSQzE0QjA2MDhCNjZENzMxMTYxAA==', 'message_status': 'accepted'}]}2024-09-12 20:56:41.526690 Triggering Whatsapp Message to 919048820586
{'messaging_product': 'whatsapp', 'contacts': [{'input': '919048820586', 'wa_id': '919048820586'}], 'messages': [{'id': 'wamid.HBgMOTE5MDQ4ODIwNTg2FQIAERgSNTMzQkZCQUVGRUZDRUU1RDlBAA==', 'message_status': 'accepted'}]}2024-09-13 01:00:59.682729 Triggering Whatsapp Message to 919048820586
{'messaging_product': 'whatsapp', 'contacts': [{'input': '919048820586', 'wa_id': '919048820586'}], 'messages': [{'id': 'wamid.HBgMOTE5MDQ4ODIwNTg2FQIAERgSRTY0RTQ1RTRDOTMwNUEzMUZEAA==', 'message_status': 'accepted'}]}2024-09-13 01:01:23.332828 Triggering Whatsapp Message to 919048820586
{'messaging_product': 'whatsapp', 'contacts': [{'input': '919048820586', 'wa_id': '919048820586'}], 'messages': [{'id': 'wamid.HBgMOTE5MDQ4ODIwNTg2FQIAERgSMzAxMDk0RTMyNEUxNEI2NTlDAA==', 'message_status': 'accepted'}]}2024-09-13 01:03:28.151567 Triggering Whatsapp Message to 919048820586
{'messaging_product': 'whatsapp', 'contacts': [{'input': '919048820586', 'wa_id': '919048820586'}], 'messages': [{'id': 'wamid.HBgMOTE5MDQ4ODIwNTg2FQIAERgSNTIxMkUxMTIxMEZFOTQzMENGAA==', 'message_status': 'accepted'}]}2024-09-13 01:03:47.641025 Triggering Whatsapp Message to 919048820586
{'messaging_product': 'whatsapp', 'contacts': [{'input': '919048820586', 'wa_id': '919048820586'}], 'messages': [{'id': 'wamid.HBgMOTE5MDQ4ODIwNTg2FQIAERgSMjM4MjQ3QkU0MzdFNUZFQkU2AA==', 'message_status': 'accepted'}]}Missing Phone number!Missing Phone number!Missing Phone number!Missing Phone number!Missing Phone number!Missing Phone number!Missing Phone number!Missing Phone number!Missing Phone number!Missing Phone number!Missing Phone number!Missing Phone number!Missing Phone number!Missing Phone number!Missing Phone number!Missing Phone number!Missing Phone number!Missing Phone number!Missing Phone number!Missing Phone number!Missing Phone number!Missing Phone number!Missing Phone number!Missing Phone number!Missing Phone number!Missing Phone number!Missing Phone number!Missing Phone number!Missing Phone number!Missing Phone number!Missing Phone number!Missing Phone number!Missing Phone number!Missing Phone number!Missing Phone number!Missing Phone number!Missing Phone number!Missing Phone number!2024-09-20 07:07:37.999456 2024-09-20 07:10:28.107811 Triggering Whatsapp Message to 966048820586
{'messaging_product': 'whatsapp', 'contacts': [{'input': '966048820586', 'wa_id': '966048820586'}], 'messages': [{'id': 'wamid.HBgMOTY2MDQ4ODIwNTg2FQIAERgSQjVBRUNFQTNDRTZCNUIwRDQ1AA==', 'message_status': 'accepted'}]}2024-09-20 07:14:02.052576 Triggering Whatsapp Message to 966048820586
{'messaging_product': 'whatsapp', 'contacts': [{'input': '966048820586', 'wa_id': '966048820586'}], 'messages': [{'id': 'wamid.HBgMOTY2MDQ4ODIwNTg2FQIAERgSRjBFOTMyNkNGRjg4M0NEQjUwAA==', 'message_status': 'accepted'}]}2024-09-20 07:16:03.898105 Triggering Whatsapp Message to 919048820586
{'messaging_product': 'whatsapp', 'contacts': [{'input': '919048820586', 'wa_id': '919048820586'}], 'messages': [{'id': 'wamid.HBgMOTE5MDQ4ODIwNTg2FQIAERgSOUJBM0FGMDkwRkM5N0JEMTNCAA==', 'message_status': 'accepted'}]}2024-09-20 07:33:57.007958 Triggering Whatsapp Message to 910577053473
2024-09-20 07:37:14.187927 Triggering Whatsapp Message to 910988205867
{'messaging_product': 'whatsapp', 'contacts': [{'input': '910988205867', 'wa_id': '910988205867'}], 'messages': [{'id': 'wamid.HBgMOTEwOTg4MjA1ODY3FQIAERgSRjlDM0ZGMjVDNEQ2Mjg1QzkwAA==', 'message_status': 'accepted'}]}2024-09-20 07:38:17.483957 Triggering Whatsapp Message to 966988205867
{'messaging_product': 'whatsapp', 'contacts': [{'input': '966988205867', 'wa_id': '966988205867'}], 'messages': [{'id': 'wamid.HBgMOTY2OTg4MjA1ODY3FQIAERgSQTI3NzIxNDAwNTMwOTQ0MzUyAA==', 'message_status': 'accepted'}]}2024-09-23 11:57:12.731515 Triggering Whatsapp Message to 966048820586
{'messaging_product': 'whatsapp', 'contacts': [{'input': '966048820586', 'wa_id': '966048820586'}], 'messages': [{'id': 'wamid.HBgMOTY2MDQ4ODIwNTg2FQIAERgSNzFCQzlFRDdEQTUwQkY3REQzAA==', 'message_status': 'accepted'}]}2024-09-24 13:37:28.746859 Triggering Whatsapp Message to 966988205867
{'messaging_product': 'whatsapp', 'contacts': [{'input': '966988205867', 'wa_id': '966988205867'}], 'messages': [{'id': 'wamid.HBgMOTY2OTg4MjA1ODY3FQIAERgSNkJGREQzMkMyOTIxQ0UzNjg3AA==', 'message_status': 'accepted'}]}2024-09-24 14:01:48.937080 Triggering Whatsapp Message to 966048820586
{'messaging_product': 'whatsapp', 'contacts': [{'input': '966048820586', 'wa_id': '966048820586'}], 'messages': [{'id': 'wamid.HBgMOTY2MDQ4ODIwNTg2FQIAERgSQjczMEMwMEI4RjQ2MDhBQzdBAA==', 'message_status': 'accepted'}]}2024-09-24 16:05:54.427425 Triggering Whatsapp Message to 966048820586
{'messaging_product': 'whatsapp', 'contacts': [{'input': '966048820586', 'wa_id': '966048820586'}], 'messages': [{'id': 'wamid.HBgMOTY2MDQ4ODIwNTg2FQIAERgSNjNBRkRDMkJBQjkwMTBBQjMzAA==', 'message_status': 'accepted'}]}2024-09-24 16:24:39.049974 Triggering Whatsapp Message to 966048820586
{'messaging_product': 'whatsapp', 'contacts': [{'input': '966048820586', 'wa_id': '966048820586'}], 'messages': [{'id': 'wamid.HBgMOTY2MDQ4ODIwNTg2FQIAERgSMzM0MjM0NUFFMDRGOEQzNzA5AA==', 'message_status': 'accepted'}]}2024-09-25 08:28:22.112866 Triggering Whatsapp Message to 966048820586
{'messaging_product': 'whatsapp', 'contacts': [{'input': '966048820586', 'wa_id': '966048820586'}], 'messages': [{'id': 'wamid.HBgMOTY2MDQ4ODIwNTg2FQIAERgSMERCNTc4NjdFNDZDNzMxNDY2AA==', 'message_status': 'accepted'}]}2024-09-27 07:01:48.172720 Triggering Whatsapp Message to 966048820586
{'messaging_product': 'whatsapp', 'contacts': [{'input': '966048820586', 'wa_id': '966048820586'}], 'messages': [{'id': 'wamid.HBgMOTY2MDQ4ODIwNTg2FQIAERgSQTBFODEzMEY4NjYxN0ZEM0EwAA==', 'message_status': 'accepted'}]}2024-09-27 07:10:17.080491 Triggering Whatsapp Message to 966048820586
{'messaging_product': 'whatsapp', 'contacts': [{'input': '966048820586', 'wa_id': '966048820586'}], 'messages': [{'id': 'wamid.HBgMOTY2MDQ4ODIwNTg2FQIAERgSQkE5NzZBODkyQ0RFMUVEOEM3AA==', 'message_status': 'accepted'}]}2024-09-27 07:47:15.272938 Triggering Whatsapp Message to 966048820586
{'messaging_product': 'whatsapp', 'contacts': [{'input': '966048820586', 'wa_id': '966048820586'}], 'messages': [{'id': 'wamid.HBgMOTY2MDQ4ODIwNTg2FQIAERgSMzk1MTg2OTU1RTM0Njc4NzQwAA==', 'message_status': 'accepted'}]}2024-09-27 08:43:05.318422 Triggering Whatsapp Message to 966048820586
{'messaging_product': 'whatsapp', 'contacts': [{'input': '966048820586', 'wa_id': '966048820586'}], 'messages': [{'id': 'wamid.HBgMOTY2MDQ4ODIwNTg2FQIAERgSMjQ5MDQyRUEyMThBMkY0MTBDAA==', 'message_status': 'accepted'}]}2024-09-27 08:47:45.751068 Triggering Whatsapp Message to 966048820586
{'messaging_product': 'whatsapp', 'contacts': [{'input': '966048820586', 'wa_id': '966048820586'}], 'messages': [{'id': 'wamid.HBgMOTY2MDQ4ODIwNTg2FQIAERgSRDJFMDMwNDE1RkQyQTMyMDgxAA==', 'message_status': 'accepted'}]}2024-09-27 08:52:35.730620 Triggering Whatsapp Message to 966048820586
{'messaging_product': 'whatsapp', 'contacts': [{'input': '966048820586', 'wa_id': '966048820586'}], 'messages': [{'id': 'wamid.HBgMOTY2MDQ4ODIwNTg2FQIAERgSOUNFMDg2MUU0RjQyMjU0RTAwAA==', 'message_status': 'accepted'}]}2024-09-30 11:41:42.779512 Triggering Whatsapp Message to 966878789809
{'messaging_product': 'whatsapp', 'contacts': [{'input': '966878789809', 'wa_id': '966878789809'}], 'messages': [{'id': 'wamid.HBgMOTY2ODc4Nzg5ODA5FQIAERgSQUU0Nzk1NTM3NkNFOTQwQzc3AA==', 'message_status': 'accepted'}]}Whatsapp is not Active!Whatsapp is not Active!Whatsapp is not Active!Whatsapp is not Active!Whatsapp is not Active!Whatsapp is not Active!Whatsapp is not Active!Whatsapp is not Active!Whatsapp is not Active!Whatsapp is not Active!Whatsapp is not Active!Whatsapp is not Active!Whatsapp is not Active!Whatsapp is not Active!Whatsapp is not Active!Whatsapp is not Active!Whatsapp is not Active!Whatsapp is not Active!Whatsapp is not Active!Whatsapp is not Active!Whatsapp is not Active!Whatsapp is not Active!Whatsapp is not Active!Whatsapp is not Active!Whatsapp is not Active!Whatsapp is not Active!Whatsapp is not Active!Whatsapp is not Active!Whatsapp is not Active!Whatsapp is not Active!Whatsapp is not Active!Whatsapp is not Active!Whatsapp is not Active!Whatsapp is not Active!Whatsapp is not Active!Whatsapp is not Active!Whatsapp is not Active!Whatsapp is not Active!Whatsapp is not Active!Whatsapp is not Active!Whatsapp is not Active!Whatsapp is not Active!Whatsapp is not Active!Whatsapp is not Active!Whatsapp is not Active!Whatsapp is not Active!Whatsapp is not Active!Whatsapp is not Active!Whatsapp is not Active!Whatsapp is not Active!Whatsapp is not Active!Whatsapp is not Active!Whatsapp is not Active!Whatsapp is not Active!Whatsapp is not Active!Whatsapp is not Active!Whatsapp is not Active!Whatsapp is not Active!Whatsapp is not Active!Whatsapp is not Active!Whatsapp is not Active!Whatsapp is not Active!Whatsapp is not Active!Whatsapp is not Active!Whatsapp is not Active!Whatsapp is not Active!Whatsapp is not Active!Whatsapp is not Active!Whatsapp is not Active!Whatsapp is not Active!Whatsapp is not Active!Whatsapp is not Active!Whatsapp is not Active!Whatsapp is not Active!Whatsapp is not Active!Whatsapp is not Active!Whatsapp is not Active!Whatsapp is not Active!Whatsapp is not Active!Whatsapp is not Active!Whatsapp is not Active!Whatsapp is not Active!Whatsapp is not Active!
Time 2024-12-15 21:59:16.289275, Whatsapp is not Active!
Time 2024-12-20 14:49:59.302444, Whatsapp is not Active!
Time 2024-12-20 14:51:27.916799, Whatsapp is not Active!
Time 2024-12-20 14:53:07.027962, Whatsapp is not Active!
Time 2024-12-20 16:27:18.194831, Whatsapp is not Active!
Time 2024-12-21 09:57:03.778082, Whatsapp is not Active!
Time 2024-12-21 22:07:10.673745, Whatsapp is not Active!
Time 2024-12-27 13:38:00.811069, Whatsapp is not Active!
Time 2024-12-27 16:02:30.396560, Whatsapp is not Active!
Time 2024-12-28 10:58:28.774346, Whatsapp is not Active!
Time 2025-01-02 14:12:33.663737, Whatsapp is not Active!
Time 2025-01-02 14:16:29.877537, Whatsapp is not Active!
Time 2025-01-04 08:06:42.443411, Whatsapp is not Active!
Time 2025-01-04 09:01:57.506729, Whatsapp is not Active!
Time 2025-01-04 09:46:01.829596, Whatsapp is not Active!
Time 2025-01-04 11:06:41.125618, Whatsapp is not Active!
Time 2025-01-07 15:27:57.288670, Whatsapp is not Active!
Time 2025-01-07 15:35:13.836489, Whatsapp is not Active!
Time 2025-01-07 15:52:10.074889, Whatsapp is not Active!
Time 2025-01-07 23:39:47.937120, Whatsapp is not Active!
Time 2025-01-07 23:57:35.138788, Whatsapp is not Active!